<?xml version="1.0" encoding="UTF-8"?>
<!-- Generated by org.testng.reporters.JUnitXMLReporter -->
<testsuite ignored="0" hostname="Arunachelam" failures="0" tests="16" name="Default test" time="52.288" errors="0" timestamp="2024-06-25T21:38:30 IST">
  <testcase classname="api.tests.DataDrivenTest" name="testPostuser" time="5.586"/>
  <testcase classname="api.tests.DataDrivenTest" name="testPostuser" time="1.377"/>
  <testcase classname="api.tests.DataDrivenTest" name="testPostuser" time="2.843"/>
  <testcase classname="api.tests.DataDrivenTest" name="testPostuser" time="1.426"/>
  <testcase classname="api.tests.DataDrivenTest" name="getUserTest" time="1.318"/>
  <testcase classname="api.tests.DataDrivenTest" name="getUserTest" time="2.535"/>
  <testcase classname="api.tests.DataDrivenTest" name="getUserTest" time="1.636"/>
  <testcase classname="api.tests.DataDrivenTest" name="getUserTest" time="2.49"/>
  <testcase classname="api.tests.DataDrivenTest" name="updateUserTest" time="3.09"/>
  <testcase classname="api.tests.DataDrivenTest" name="updateUserTest" time="5.108"/>
  <testcase classname="api.tests.DataDrivenTest" name="updateUserTest" time="2.809"/>
  <testcase classname="api.tests.DataDrivenTest" name="updateUserTest" time="4.257"/>
  <testcase classname="api.tests.DataDrivenTest" name="deleteUserTest" time="3.502"/>
  <testcase classname="api.tests.DataDrivenTest" name="deleteUserTest" time="4.035"/>
  <testcase classname="api.tests.DataDrivenTest" name="deleteUserTest" time="3.688"/>
  <testcase classname="api.tests.DataDrivenTest" name="deleteUserTest" time="4.471"/>
</testsuite> <!-- Default test -->
