<?xml version="1.0" encoding="UTF-8"?>
<!-- Generated by org.testng.reporters.JUnitXMLReporter -->
<testsuite ignored="0" hostname="Arunachelam" failures="0" tests="20" name="UserTest" time="64.691" errors="0" timestamp="2024-06-25T22:46:52 IST">
  <testcase classname="api.tests.UserEndpointsTestScripts" name="CreateUserTest" time="6.373"/>
  <testcase classname="api.tests.UserEndpointsTestScripts" name="FetchUserTest" time="2.405"/>
  <testcase classname="api.tests.UserEndpointsTestScripts" name="UpdateUserTest" time="3.385"/>
  <testcase classname="api.tests.UserEndpointsTestScripts" name="DeleteUserTest" time="2.501"/>
  <testcase classname="api.tests.DataDrivenTest" name="testPostuser" time="2.754"/>
  <testcase classname="api.tests.DataDrivenTest" name="testPostuser" time="2.493"/>
  <testcase classname="api.tests.DataDrivenTest" name="testPostuser" time="1.273"/>
  <testcase classname="api.tests.DataDrivenTest" name="testPostuser" time="3.188"/>
  <testcase classname="api.tests.DataDrivenTest" name="getUserTest" time="1.964"/>
  <testcase classname="api.tests.DataDrivenTest" name="getUserTest" time="2.961"/>
  <testcase classname="api.tests.DataDrivenTest" name="getUserTest" time="1.289"/>
  <testcase classname="api.tests.DataDrivenTest" name="getUserTest" time="2.391"/>
  <testcase classname="api.tests.DataDrivenTest" name="updateUserTest" time="3.352"/>
  <testcase classname="api.tests.DataDrivenTest" name="updateUserTest" time="2.598"/>
  <testcase classname="api.tests.DataDrivenTest" name="updateUserTest" time="3.862"/>
  <testcase classname="api.tests.DataDrivenTest" name="updateUserTest" time="3.695"/>
  <testcase classname="api.tests.DataDrivenTest" name="deleteUserTest" time="3.705"/>
  <testcase classname="api.tests.DataDrivenTest" name="deleteUserTest" time="4.819"/>
  <testcase classname="api.tests.DataDrivenTest" name="deleteUserTest" time="3.432"/>
  <testcase classname="api.tests.DataDrivenTest" name="deleteUserTest" time="2.799"/>
</testsuite> <!-- UserTest -->
