<?xml version="1.0" encoding="UTF-8"?>
<testng-results ignored="0" total="20" passed="20" failed="0" skipped="0">
  <reporter-output>
  </reporter-output>
  <suite started-at="2024-06-25T22:45:47 IST" name="Suite" finished-at="2024-06-25T22:46:51 IST" duration-ms="64691">
    <groups>
    </groups>
    <test started-at="2024-06-25T22:45:47 IST" name="UserTest" finished-at="2024-06-25T22:46:51 IST" duration-ms="64691">
      <class name="api.tests.DataDrivenTest">
        <test-method signature="testPostuser(java.lang.String,java.lang.String,java.lang.String,java.lang.String,java.lang.String,java.lang.String,java.lang.String)[pri:1, instance:api.tests.DataDrivenTest@5af3afd9]" started-at="2024-06-25T22:46:04 IST" name="testPostuser" data-provider="Data" finished-at="2024-06-25T22:46:07 IST" duration-ms="2754" status="PASS">
          <params>
            <param index="0">
              <value>
                <![CDATA[100]]>
              </value>
            </param>
            <param index="1">
              <value>
                <![CDATA[anbumani]]>
              </value>
            </param>
            <param index="2">
              <value>
                <![CDATA[anbu]]>
              </value>
            </param>
            <param index="3">
              <value>
                <![CDATA[mani]]>
              </value>
            </param>
            <param index="4">
              <value>
                <![CDATA[anbumani@gmail.com]]>
              </value>
            </param>
            <param index="5">
              <value>
                <![CDATA[Welcome@1]]>
              </value>
            </param>
            <param index="6">
              <value>
                <![CDATA[8525779937]]>
              </value>
            </param>
          </params>
          <reporter-output>
          </reporter-output>
        </test-method> <!-- testPostuser -->
        <test-method signature="testPostuser(java.lang.String,java.lang.String,java.lang.String,java.lang.String,java.lang.String,java.lang.String,java.lang.String)[pri:1, instance:api.tests.DataDrivenTest@5af3afd9]" started-at="2024-06-25T22:46:07 IST" name="testPostuser" data-provider="Data" finished-at="2024-06-25T22:46:09 IST" duration-ms="2493" status="PASS">
          <params>
            <param index="0">
              <value>
                <![CDATA[101]]>
              </value>
            </param>
            <param index="1">
              <value>
                <![CDATA[rajkumar]]>
              </value>
            </param>
            <param index="2">
              <value>
                <![CDATA[raj]]>
              </value>
            </param>
            <param index="3">
              <value>
                <![CDATA[kumar]]>
              </value>
            </param>
            <param index="4">
              <value>
                <![CDATA[rajkumar@gmail.com]]>
              </value>
            </param>
            <param index="5">
              <value>
                <![CDATA[Welcome@1]]>
              </value>
            </param>
            <param index="6">
              <value>
                <![CDATA[8525779938]]>
              </value>
            </param>
          </params>
          <reporter-output>
          </reporter-output>
        </test-method> <!-- testPostuser -->
        <test-method signature="testPostuser(java.lang.String,java.lang.String,java.lang.String,java.lang.String,java.lang.String,java.lang.String,java.lang.String)[pri:1, instance:api.tests.DataDrivenTest@5af3afd9]" started-at="2024-06-25T22:46:09 IST" name="testPostuser" data-provider="Data" finished-at="2024-06-25T22:46:10 IST" duration-ms="1273" status="PASS">
          <params>
            <param index="0">
              <value>
                <![CDATA[102]]>
              </value>
            </param>
            <param index="1">
              <value>
                <![CDATA[ajayvenkat]]>
              </value>
            </param>
            <param index="2">
              <value>
                <![CDATA[ajay]]>
              </value>
            </param>
            <param index="3">
              <value>
                <![CDATA[venkat]]>
              </value>
            </param>
            <param index="4">
              <value>
                <![CDATA[ajayvenkat@gmail.com]]>
              </value>
            </param>
            <param index="5">
              <value>
                <![CDATA[Welcome@1]]>
              </value>
            </param>
            <param index="6">
              <value>
                <![CDATA[8525779939]]>
              </value>
            </param>
          </params>
          <reporter-output>
          </reporter-output>
        </test-method> <!-- testPostuser -->
        <test-method signature="testPostuser(java.lang.String,java.lang.String,java.lang.String,java.lang.String,java.lang.String,java.lang.String,java.lang.String)[pri:1, instance:api.tests.DataDrivenTest@5af3afd9]" started-at="2024-06-25T22:46:10 IST" name="testPostuser" data-provider="Data" finished-at="2024-06-25T22:46:14 IST" duration-ms="3188" status="PASS">
          <params>
            <param index="0">
              <value>
                <![CDATA[103]]>
              </value>
            </param>
            <param index="1">
              <value>
                <![CDATA[kamalesh]]>
              </value>
            </param>
            <param index="2">
              <value>
                <![CDATA[kama]]>
              </value>
            </param>
            <param index="3">
              <value>
                <![CDATA[lesh]]>
              </value>
            </param>
            <param index="4">
              <value>
                <![CDATA[kamalesh@gmail.com]]>
              </value>
            </param>
            <param index="5">
              <value>
                <![CDATA[Welcome@1]]>
              </value>
            </param>
            <param index="6">
              <value>
                <![CDATA[8525779940]]>
              </value>
            </param>
          </params>
          <reporter-output>
          </reporter-output>
        </test-method> <!-- testPostuser -->
        <test-method signature="getUserTest(java.lang.String)[pri:2, instance:api.tests.DataDrivenTest@5af3afd9]" started-at="2024-06-25T22:46:14 IST" name="getUserTest" data-provider="UserNames" finished-at="2024-06-25T22:46:16 IST" duration-ms="1964" status="PASS">
          <params>
            <param index="0">
              <value>
                <![CDATA[anbumani]]>
              </value>
            </param>
          </params>
          <reporter-output>
          </reporter-output>
        </test-method> <!-- getUserTest -->
        <test-method signature="getUserTest(java.lang.String)[pri:2, instance:api.tests.DataDrivenTest@5af3afd9]" started-at="2024-06-25T22:46:16 IST" name="getUserTest" data-provider="UserNames" finished-at="2024-06-25T22:46:19 IST" duration-ms="2961" status="PASS">
          <params>
            <param index="0">
              <value>
                <![CDATA[rajkumar]]>
              </value>
            </param>
          </params>
          <reporter-output>
          </reporter-output>
        </test-method> <!-- getUserTest -->
        <test-method signature="getUserTest(java.lang.String)[pri:2, instance:api.tests.DataDrivenTest@5af3afd9]" started-at="2024-06-25T22:46:19 IST" name="getUserTest" data-provider="UserNames" finished-at="2024-06-25T22:46:20 IST" duration-ms="1289" status="PASS">
          <params>
            <param index="0">
              <value>
                <![CDATA[ajayvenkat]]>
              </value>
            </param>
          </params>
          <reporter-output>
          </reporter-output>
        </test-method> <!-- getUserTest -->
        <test-method signature="getUserTest(java.lang.String)[pri:2, instance:api.tests.DataDrivenTest@5af3afd9]" started-at="2024-06-25T22:46:20 IST" name="getUserTest" data-provider="UserNames" finished-at="2024-06-25T22:46:22 IST" duration-ms="2391" status="PASS">
          <params>
            <param index="0">
              <value>
                <![CDATA[kamalesh]]>
              </value>
            </param>
          </params>
          <reporter-output>
          </reporter-output>
        </test-method> <!-- getUserTest -->
        <test-method signature="updateUserTest(java.lang.String,java.lang.String,java.lang.String,java.lang.String,java.lang.String,java.lang.String,java.lang.String)[pri:3, instance:api.tests.DataDrivenTest@5af3afd9]" started-at="2024-06-25T22:46:23 IST" name="updateUserTest" data-provider="Data" finished-at="2024-06-25T22:46:26 IST" duration-ms="3352" status="PASS">
          <params>
            <param index="0">
              <value>
                <![CDATA[100]]>
              </value>
            </param>
            <param index="1">
              <value>
                <![CDATA[anbumani]]>
              </value>
            </param>
            <param index="2">
              <value>
                <![CDATA[anbu]]>
              </value>
            </param>
            <param index="3">
              <value>
                <![CDATA[mani]]>
              </value>
            </param>
            <param index="4">
              <value>
                <![CDATA[anbumani@gmail.com]]>
              </value>
            </param>
            <param index="5">
              <value>
                <![CDATA[Welcome@1]]>
              </value>
            </param>
            <param index="6">
              <value>
                <![CDATA[8525779937]]>
              </value>
            </param>
          </params>
          <reporter-output>
          </reporter-output>
        </test-method> <!-- updateUserTest -->
        <test-method signature="updateUserTest(java.lang.String,java.lang.String,java.lang.String,java.lang.String,java.lang.String,java.lang.String,java.lang.String)[pri:3, instance:api.tests.DataDrivenTest@5af3afd9]" started-at="2024-06-25T22:46:26 IST" name="updateUserTest" data-provider="Data" finished-at="2024-06-25T22:46:29 IST" duration-ms="2598" status="PASS">
          <params>
            <param index="0">
              <value>
                <![CDATA[101]]>
              </value>
            </param>
            <param index="1">
              <value>
                <![CDATA[rajkumar]]>
              </value>
            </param>
            <param index="2">
              <value>
                <![CDATA[raj]]>
              </value>
            </param>
            <param index="3">
              <value>
                <![CDATA[kumar]]>
              </value>
            </param>
            <param index="4">
              <value>
                <![CDATA[rajkumar@gmail.com]]>
              </value>
            </param>
            <param index="5">
              <value>
                <![CDATA[Welcome@1]]>
              </value>
            </param>
            <param index="6">
              <value>
                <![CDATA[8525779938]]>
              </value>
            </param>
          </params>
          <reporter-output>
          </reporter-output>
        </test-method> <!-- updateUserTest -->
        <test-method signature="updateUserTest(java.lang.String,java.lang.String,java.lang.String,java.lang.String,java.lang.String,java.lang.String,java.lang.String)[pri:3, instance:api.tests.DataDrivenTest@5af3afd9]" started-at="2024-06-25T22:46:29 IST" name="updateUserTest" data-provider="Data" finished-at="2024-06-25T22:46:33 IST" duration-ms="3862" status="PASS">
          <params>
            <param index="0">
              <value>
                <![CDATA[102]]>
              </value>
            </param>
            <param index="1">
              <value>
                <![CDATA[ajayvenkat]]>
              </value>
            </param>
            <param index="2">
              <value>
                <![CDATA[ajay]]>
              </value>
            </param>
            <param index="3">
              <value>
                <![CDATA[venkat]]>
              </value>
            </param>
            <param index="4">
              <value>
                <![CDATA[ajayvenkat@gmail.com]]>
              </value>
            </param>
            <param index="5">
              <value>
                <![CDATA[Welcome@1]]>
              </value>
            </param>
            <param index="6">
              <value>
                <![CDATA[8525779939]]>
              </value>
            </param>
          </params>
          <reporter-output>
          </reporter-output>
        </test-method> <!-- updateUserTest -->
        <test-method signature="updateUserTest(java.lang.String,java.lang.String,java.lang.String,java.lang.String,java.lang.String,java.lang.String,java.lang.String)[pri:3, instance:api.tests.DataDrivenTest@5af3afd9]" started-at="2024-06-25T22:46:33 IST" name="updateUserTest" data-provider="Data" finished-at="2024-06-25T22:46:36 IST" duration-ms="3695" status="PASS">
          <params>
            <param index="0">
              <value>
                <![CDATA[103]]>
              </value>
            </param>
            <param index="1">
              <value>
                <![CDATA[kamalesh]]>
              </value>
            </param>
            <param index="2">
              <value>
                <![CDATA[kama]]>
              </value>
            </param>
            <param index="3">
              <value>
                <![CDATA[lesh]]>
              </value>
            </param>
            <param index="4">
              <value>
                <![CDATA[kamalesh@gmail.com]]>
              </value>
            </param>
            <param index="5">
              <value>
                <![CDATA[Welcome@1]]>
              </value>
            </param>
            <param index="6">
              <value>
                <![CDATA[8525779940]]>
              </value>
            </param>
          </params>
          <reporter-output>
          </reporter-output>
        </test-method> <!-- updateUserTest -->
        <test-method signature="deleteUserTest(java.lang.String)[pri:4, instance:api.tests.DataDrivenTest@5af3afd9]" started-at="2024-06-25T22:46:36 IST" name="deleteUserTest" data-provider="UserNames" finished-at="2024-06-25T22:46:40 IST" duration-ms="3705" status="PASS">
          <params>
            <param index="0">
              <value>
                <![CDATA[anbumani]]>
              </value>
            </param>
          </params>
          <reporter-output>
          </reporter-output>
        </test-method> <!-- deleteUserTest -->
        <test-method signature="deleteUserTest(java.lang.String)[pri:4, instance:api.tests.DataDrivenTest@5af3afd9]" started-at="2024-06-25T22:46:40 IST" name="deleteUserTest" data-provider="UserNames" finished-at="2024-06-25T22:46:45 IST" duration-ms="4819" status="PASS">
          <params>
            <param index="0">
              <value>
                <![CDATA[rajkumar]]>
              </value>
            </param>
          </params>
          <reporter-output>
          </reporter-output>
        </test-method> <!-- deleteUserTest -->
        <test-method signature="deleteUserTest(java.lang.String)[pri:4, instance:api.tests.DataDrivenTest@5af3afd9]" started-at="2024-06-25T22:46:45 IST" name="deleteUserTest" data-provider="UserNames" finished-at="2024-06-25T22:46:48 IST" duration-ms="3432" status="PASS">
          <params>
            <param index="0">
              <value>
                <![CDATA[ajayvenkat]]>
              </value>
            </param>
          </params>
          <reporter-output>
          </reporter-output>
        </test-method> <!-- deleteUserTest -->
        <test-method signature="deleteUserTest(java.lang.String)[pri:4, instance:api.tests.DataDrivenTest@5af3afd9]" started-at="2024-06-25T22:46:48 IST" name="deleteUserTest" data-provider="UserNames" finished-at="2024-06-25T22:46:51 IST" duration-ms="2799" status="PASS">
          <params>
            <param index="0">
              <value>
                <![CDATA[kamalesh]]>
              </value>
            </param>
          </params>
          <reporter-output>
          </reporter-output>
        </test-method> <!-- deleteUserTest -->
      </class> <!-- api.tests.DataDrivenTest -->
      <class name="api.tests.UserEndpointsTestScripts">
        <test-method is-config="true" signature="SetupData()[pri:0, instance:api.tests.UserEndpointsTestScripts@8dbdac1]" started-at="2024-06-25T22:45:47 IST" name="SetupData" finished-at="2024-06-25T22:45:47 IST" duration-ms="342" status="PASS">
          <reporter-output>
          </reporter-output>
        </test-method> <!-- SetupData -->
        <test-method signature="CreateUserTest()[pri:1, instance:api.tests.UserEndpointsTestScripts@8dbdac1]" started-at="2024-06-25T22:45:47 IST" name="CreateUserTest" finished-at="2024-06-25T22:45:54 IST" duration-ms="6373" status="PASS">
          <reporter-output>
          </reporter-output>
        </test-method> <!-- CreateUserTest -->
        <test-method signature="FetchUserTest()[pri:2, instance:api.tests.UserEndpointsTestScripts@8dbdac1]" started-at="2024-06-25T22:45:54 IST" name="FetchUserTest" finished-at="2024-06-25T22:45:56 IST" duration-ms="2405" status="PASS">
          <reporter-output>
          </reporter-output>
        </test-method> <!-- FetchUserTest -->
        <test-method signature="UpdateUserTest()[pri:3, instance:api.tests.UserEndpointsTestScripts@8dbdac1]" started-at="2024-06-25T22:45:56 IST" name="UpdateUserTest" finished-at="2024-06-25T22:46:00 IST" duration-ms="3385" status="PASS">
          <reporter-output>
          </reporter-output>
        </test-method> <!-- UpdateUserTest -->
        <test-method signature="DeleteUserTest()[pri:4, instance:api.tests.UserEndpointsTestScripts@8dbdac1]" started-at="2024-06-25T22:46:00 IST" name="DeleteUserTest" finished-at="2024-06-25T22:46:02 IST" duration-ms="2501" status="PASS">
          <reporter-output>
          </reporter-output>
        </test-method> <!-- DeleteUserTest -->
      </class> <!-- api.tests.UserEndpointsTestScripts -->
    </test> <!-- UserTest -->
  </suite> <!-- Suite -->
</testng-results>
